2022-05-02 14:50:20 [INFO ] main StartupInfoLogger.java:55 edu.wku.ris.core.RecommendationSystemStarter Starting RecommendationSystemStarter on DESKTOP-BKJ8HBO with PID 13496 (D:\IDEAProjects\RecommendationInformationSystem-master\ris-doctorside-core\target\classes started by Aska in D:\IDEAProjects\RecommendationInformationSystem-master)
2022-05-02 14:50:20 [DEBUG] main StartupInfoLogger.java:56 edu.wku.ris.core.RecommendationSystemStarter Running with Spring Boot v2.3.4.RELEASE, Spring v5.2.9.RELEASE
2022-05-02 14:50:20 [INFO ] main SpringApplication.java:655 edu.wku.ris.core.RecommendationSystemStarter The following profiles are active: dev
2022-05-02 14:50:24 [INFO ] main StartupInfoLogger.java:61 edu.wku.ris.core.RecommendationSystemStarter Started RecommendationSystemStarter in 5.221 seconds (JVM running for 6.777)
2022-05-02 14:50:42 [INFO ] http-nio-8082-exec-1 SwaggerRequestFilter.java:24 edu.wku.ris.core.controller.auth.filter.SwaggerRequestFilter  -- Swagger Request -- 
2022-05-02 14:50:42 [INFO ] http-nio-8082-exec-3 SwaggerRequestFilter.java:24 edu.wku.ris.core.controller.auth.filter.SwaggerRequestFilter  -- Swagger Request -- 
2022-05-02 14:50:42 [INFO ] http-nio-8082-exec-4 SwaggerRequestFilter.java:24 edu.wku.ris.core.controller.auth.filter.SwaggerRequestFilter  -- Swagger Request -- 
2022-05-02 14:50:42 [INFO ] http-nio-8082-exec-6 SwaggerRequestFilter.java:24 edu.wku.ris.core.controller.auth.filter.SwaggerRequestFilter  -- Swagger Request -- 
2022-05-02 14:50:42 [INFO ] http-nio-8082-exec-10 SwaggerRequestFilter.java:24 edu.wku.ris.core.controller.auth.filter.SwaggerRequestFilter  -- Swagger Request -- 
2022-05-02 14:50:42 [INFO ] http-nio-8082-exec-2 SwaggerRequestFilter.java:24 edu.wku.ris.core.controller.auth.filter.SwaggerRequestFilter  -- Swagger Request -- 
2022-05-02 14:50:43 [INFO ] http-nio-8082-exec-8 SwaggerRequestFilter.java:24 edu.wku.ris.core.controller.auth.filter.SwaggerRequestFilter  -- Swagger Request -- 
2022-05-02 14:50:43 [INFO ] http-nio-8082-exec-3 SwaggerRequestFilter.java:24 edu.wku.ris.core.controller.auth.filter.SwaggerRequestFilter  -- Swagger Request -- 
2022-05-02 14:50:43 [INFO ] http-nio-8082-exec-10 SwaggerRequestFilter.java:24 edu.wku.ris.core.controller.auth.filter.SwaggerRequestFilter  -- Swagger Request -- 
2022-05-02 14:50:43 [INFO ] http-nio-8082-exec-2 SwaggerRequestFilter.java:24 edu.wku.ris.core.controller.auth.filter.SwaggerRequestFilter  -- Swagger Request -- 
2022-05-02 14:50:43 [INFO ] http-nio-8082-exec-8 SwaggerRequestFilter.java:24 edu.wku.ris.core.controller.auth.filter.SwaggerRequestFilter  -- Swagger Request -- 
2022-05-02 14:50:59 [INFO ] http-nio-8082-exec-7 SwaggerRequestFilter.java:24 edu.wku.ris.core.controller.auth.filter.SwaggerRequestFilter  -- Swagger Request -- 
2022-05-02 15:24:24 [INFO ] main StartupInfoLogger.java:55 edu.wku.ris.core.RecommendationSystemStarter Starting RecommendationSystemStarter on DESKTOP-BKJ8HBO with PID 5564 (D:\IDEAProjects\RecommendationInformationSystem-master\ris-doctorside-core\target\classes started by Aska in D:\IDEAProjects\RecommendationInformationSystem-master)
2022-05-02 15:24:24 [DEBUG] main StartupInfoLogger.java:56 edu.wku.ris.core.RecommendationSystemStarter Running with Spring Boot v2.3.4.RELEASE, Spring v5.2.9.RELEASE
2022-05-02 15:24:24 [INFO ] main SpringApplication.java:655 edu.wku.ris.core.RecommendationSystemStarter The following profiles are active: dev
2022-05-02 15:24:29 [INFO ] main StartupInfoLogger.java:61 edu.wku.ris.core.RecommendationSystemStarter Started RecommendationSystemStarter in 5.811 seconds (JVM running for 8.113)
2022-05-02 15:48:00 [INFO ] main StartupInfoLogger.java:55 edu.wku.ris.core.RecommendationSystemStarter Starting RecommendationSystemStarter on DESKTOP-BKJ8HBO with PID 15948 (D:\IDEAProjects\RecommendationInformationSystem\ris-doctorside-core\target\classes started by Aska in D:\IDEAProjects\RecommendationInformationSystem)
2022-05-02 15:48:00 [DEBUG] main StartupInfoLogger.java:56 edu.wku.ris.core.RecommendationSystemStarter Running with Spring Boot v2.3.4.RELEASE, Spring v5.2.9.RELEASE
2022-05-02 15:48:00 [INFO ] main SpringApplication.java:655 edu.wku.ris.core.RecommendationSystemStarter The following profiles are active: dev
2022-05-02 15:48:05 [INFO ] main StartupInfoLogger.java:61 edu.wku.ris.core.RecommendationSystemStarter Started RecommendationSystemStarter in 5.664 seconds (JVM running for 7.594)
